<?xml version="1.0" encoding="UTF-8"?>
<!-- Generated by org.testng.reporters.JUnitReportReporter -->
<testsuite hostname="DESKTOP-1SSOFLA" failures="0" tests="3" name="Testcases.Flipkart" time="36.065" errors="0" timestamp="2024-05-19T21:06:50 IST" skipped="0">
  <testcase classname="Testcases.Flipkart" name="Flipkart_flow1" time="14.460"/>
  <system-out/>
  <testcase classname="Testcases.Flipkart" name="Flipkart_flow2" time="8.589"/>
  <system-out/>
  <testcase classname="Testcases.Flipkart" name="Flipkart_flow3" time="13.016"/>
  <system-out/>
</testsuite> <!-- Testcases.Flipkart -->
